\BOOKMARK [0][-]{section*.1}{\376\377\000C\000o\000n\000t\000e\000n\000t\000s}{}% 1
\BOOKMARK [0][-]{section*.2}{\376\377\000L\000i\000s\000t\000\040\000o\000f\000\040\000F\000i\000g\000u\000r\000e\000s}{}% 2
\BOOKMARK [0][-]{section*.3}{\376\377\000L\000i\000s\000t\000\040\000o\000f\000\040\000T\000a\000b\000l\000e\000s}{}% 3
\BOOKMARK [0][-]{chapter.1}{\376\377\000U\000l\000t\000r\000a\000f\000a\000s\000t\000\040\000o\000p\000t\000i\000c\000s\000\040\000i\000n\000\040\000c\000o\000r\000r\000e\000l\000a\000t\000e\000d\000\040\000e\000l\000e\000c\000t\000r\000o\000n\000\040\000s\000y\000s\000t\000e\000m\000s}{}% 4
\BOOKMARK [0][-]{chapter.2}{\376\377\000S\000e\000c\000o\000n\000d\000\040\000h\000a\000r\000m\000o\000n\000i\000c\000\040\000g\000e\000n\000e\000r\000a\000t\000i\000o\000n\000:\000\040\000t\000h\000e\000o\000r\000y}{}% 5
\BOOKMARK [1][-]{section.2.1}{\376\377\000S\000p\000a\000c\000e\000\040\000g\000r\000o\000u\000p\000s\000,\000\040\000p\000o\000i\000n\000t\000\040\000g\000r\000o\000u\000p\000s\000,\000\040\000a\000n\000d\000\040\000N\000e\000u\000m\000a\000n\000n\000'\000s\000\040\000p\000r\000i\000n\000c\000i\000p\000l\000e}{chapter.2}% 6
\BOOKMARK [1][-]{section.2.2}{\376\377\000A\000\040\000c\000l\000a\000s\000s\000i\000c\000a\000l\000\040\000u\000n\000d\000e\000r\000s\000t\000a\000n\000d\000i\000n\000g\000\040\000o\000f\000\040\000S\000H\000G}{chapter.2}% 7
\BOOKMARK [1][-]{section.2.3}{\376\377\000S\000H\000G\000\040\000i\000n\000\040\000q\000u\000a\000n\000t\000u\000m\000\040\000m\000e\000c\000h\000a\000n\000i\000c\000s}{chapter.2}% 8
\BOOKMARK [1][-]{section.2.4}{\376\377\000S\000H\000G\000\040\000i\000n\000\040\000t\000h\000e\000\040\000G\000i\000n\000z\000b\000u\000r\000g\000-\000L\000a\000n\000d\000a\000u\000\040\000p\000a\000r\000a\000d\000i\000g\000m}{chapter.2}% 9
\BOOKMARK [0][-]{chapter.3}{\376\377\000S\000e\000c\000o\000n\000d\000\040\000h\000a\000r\000m\000o\000n\000i\000c\000\040\000g\000e\000n\000e\000r\000a\000t\000i\000o\000n\000:\000\040\000p\000r\000a\000c\000t\000i\000c\000a\000l}{}% 10
\BOOKMARK [1][-]{section.3.1}{\376\377\000D\000e\000s\000c\000r\000i\000p\000t\000i\000o\000n\000\040\000o\000f\000\040\000t\000h\000e\000\040\000s\000e\000t\000u\000p}{chapter.3}% 11
\BOOKMARK [1][-]{section.3.2}{\376\377\000B\000e\000f\000o\000r\000e\000\040\000y\000o\000u\000\040\000b\000u\000i\000l\000d}{chapter.3}% 12
\BOOKMARK [2][-]{subsection.3.2.1}{\376\377\000S\000p\000o\000t\000\040\000s\000i\000z\000e}{section.3.2}% 13
\BOOKMARK [2][-]{subsection.3.2.2}{\376\377\000O\000b\000l\000i\000q\000u\000e\000\040\000v\000s\000.\000\040\000n\000o\000r\000m\000a\000l\000\040\000i\000n\000c\000i\000d\000e\000n\000c\000e}{section.3.2}% 14
\BOOKMARK [2][-]{subsection.3.2.3}{\376\377\000C\000h\000o\000i\000c\000e\000\040\000o\000f\000\040\000d\000e\000t\000e\000c\000t\000o\000r}{section.3.2}% 15
\BOOKMARK [1][-]{section.3.3}{\376\377\000t\000r\000-\000S\000H\000G\000:\000\040\000m\000e\000t\000h\000o\000d\000o\000l\000o\000g\000y}{chapter.3}% 16
\BOOKMARK [1][-]{section.3.4}{\376\377\000D\000a\000t\000a\000\040\000a\000n\000a\000l\000y\000s\000i\000s}{chapter.3}% 17
\BOOKMARK [2][-]{subsection.3.4.1}{\376\377\000S\000t\000a\000t\000i\000c\000\040\000R\000A\000-\000S\000H\000G\000\040\000p\000a\000t\000t\000e\000r\000n\000s}{section.3.4}% 18
\BOOKMARK [2][-]{subsection.3.4.2}{\376\377\000M\000o\000d\000e\000l\000i\000n\000g\000\040\000i\000j\000k\000:\000\040\000t\000h\000e\000\040\000s\000i\000m\000p\000l\000i\000f\000i\000e\000d\000\040\000b\000o\000n\000d\000\040\000h\000y\000p\000e\000r\000p\000o\000l\000a\000r\000i\000z\000a\000b\000i\000l\000i\000t\000y\000\040\000m\000o\000d\000e\000l}{section.3.4}% 19
\BOOKMARK [2][-]{subsection.3.4.3}{\376\377\000F\000i\000t\000t\000i\000n\000g\000\040\000t\000i\000m\000e\000\040\000t\000r\000a\000c\000e\000s\000\040\000i\000n\000\040\000t\000r\000-\000S\000H\000G}{section.3.4}% 20
\BOOKMARK [0][-]{chapter.4}{\376\377\000A\000u\000t\000o\000m\000a\000t\000e\000d\000\040\000P\000o\000l\000a\000r\000i\000z\000a\000t\000i\000o\000n\000\040\000R\000o\000t\000a\000t\000i\000o\000n\000\040\000f\000o\000r\000\040\000M\000u\000l\000t\000i\000-\000A\000x\000i\000s\000\040\000R\000o\000t\000a\000t\000i\000o\000n\000a\000l\000-\000A\000n\000i\000s\000o\000t\000r\000o\000p\000y\000\040\000S\000e\000c\000o\000n\000d\000\040\000H\000a\000r\000m\000o\000n\000i\000c\000\040\000G\000e\000n\000e\000r\000a\000t\000i\000o\000n\000\040\000E\000x\000p\000e\000r\000i\000m\000e\000n\000t\000s}{}% 21
\BOOKMARK [0][-]{chapter.5}{\376\377\000S\000e\000c\000o\000n\000d\000\040\000h\000a\000r\000m\000o\000n\000i\000c\000\040\000g\000e\000n\000e\000r\000a\000t\000i\000o\000n\000\040\000a\000s\000\040\000a\000\040\000p\000r\000o\000b\000e\000\040\000o\000f\000\040\000b\000r\000o\000k\000e\000n\000\040\000m\000i\000r\000r\000o\000r\000\040\000s\000y\000m\000m\000e\000t\000r\000y\000\040\000i\000n\000\040\0001\000T\000-\000T\000a\000S\0002}{}% 22
\BOOKMARK [0][-]{chapter.6}{\376\377\000L\000i\000g\000h\000t\000-\000i\000n\000d\000u\000c\000e\000d\000\040\000r\000e\000o\000r\000i\000e\000n\000t\000a\000t\000i\000o\000n\000\040\000t\000r\000a\000n\000s\000i\000t\000i\000o\000n\000\040\000i\000n\000\040\000t\000h\000e\000\040\000a\000n\000t\000i\000f\000e\000r\000r\000o\000m\000a\000g\000n\000e\000t\000i\000c\000\040\000s\000e\000m\000i\000c\000o\000n\000d\000u\000c\000t\000o\000r\000\040\000C\000a\000M\000n\0002\000B\000i\0002}{}% 23
\BOOKMARK [0][-]{chapter.7}{\376\377\000A\000m\000p\000l\000i\000t\000u\000d\000e\000-\000m\000o\000d\000e\000\040\000e\000l\000e\000c\000t\000r\000o\000m\000a\000g\000n\000o\000n\000\040\000i\000n\000\040\000t\000h\000e\000\040\000X\000X\000Z\000\040\000c\000h\000a\000i\000n\000\040\000C\000u\000B\000r\0002}{}% 24
\BOOKMARK [0][-]{chapter.8}{\376\377\000C\000o\000n\000c\000l\000u\000d\000i\000n\000g\000\040\000r\000e\000m\000a\000r\000k\000s}{}% 25
\BOOKMARK [0][-]{chapter*.6}{\376\377\000B\000i\000b\000l\000i\000o\000g\000r\000a\000p\000h\000y}{}% 26
